[15:06:42] [BATT] 100
[15:06:43] [TEMP] 28
[15:06:44] [MOTORES] 2444
[15:06:45] [BATT] 15
[15:06:46] [TEMP] 47
[15:06:47] [MOTORES] 2810
[15:06:48] [BATT] 26
[15:06:49] [TEMP] 20
[15:06:50] [MOTORES] 2752
[15:06:51] [BATT] 60
[15:06:52] [TEMP] 35
[15:06:53] [MOTORES] 2464
[15:06:54] [BATT] 69
[15:06:55] [TEMP] 33
[15:06:56] [MOTORES] 3254
15:06:56 [WATCHDOG] EMERGENCIA: Exceso de velocidad en motores
[15:07:05] [BATT] 74
[15:07:06] [TEMP] 33
[15:07:07] [MOTORES] 1518
[15:07:08] [BATT] 90
[15:07:09] [TEMP] 25
[15:07:10] [MOTORES] 2677
[15:07:11] [BATT] 92
[15:07:12] [TEMP] 36
[15:07:13] [MOTORES] 1827
[15:07:14] [BATT] 12
15:07:14 [WATCHDOG] AVISO: Nivel de energía crítico
[15:08:39] [BATT] 84
[15:08:40] [TEMP] 33
[15:08:41] [MOTORES] 2102
[15:08:42] [BATT] 98
[15:08:43] [TEMP] 54
[15:08:44] [MOTORES] 1388
[15:08:45] [BATT] 54
[15:08:46] [TEMP] 20
[15:08:47] [MOTORES] 1910
[15:08:48] [BATT] 26
[15:08:49] [TEMP] 21
[15:08:50] [MOTORES] 1539
[15:08:51] [BATT] 41
[15:08:52] [TEMP] 40
[15:08:53] [MOTORES] 2380
[15:08:54] [BATT] 14
[15:08:55] [TEMP] 38
[15:08:56] [MOTORES] 1378
[15:08:57] [BATT] 60
[15:08:58] [TEMP] 59
[15:08:59] [MOTORES] 1868
[15:09:00] [BATT] 16
[15:09:01] [TEMP] 38
[15:09:02] [MOTORES] 3397
15:09:02 [WATCHDOG] EMERGENCIA: Exceso de velocidad en motores
[15:09:10] [BATT] 25
[15:09:11] [TEMP] 55
15:09:11 [WATCHDOG] EMERGENCIA: Sobrecalentamiento detectado
[15:09:17] [BATT] 90
[15:09:18] [TEMP] 31
[15:09:19] [MOTORES] 1808
[15:09:20] [BATT] 63
[15:09:21] [TEMP] 59
[15:09:22] [MOTORES] 1387
[15:09:23] [BATT] 79
[15:09:24] [TEMP] 50
[15:09:25] [MOTORES] 3396
15:09:25 [WATCHDOG] EMERGENCIA: Exceso de velocidad en motores
[15:09:41] [BATT] 21
[15:09:42] [TEMP] 32
[15:09:43] [MOTORES] 2729
[15:09:44] [BATT] 29
[15:09:45] [TEMP] 37
[15:09:46] [MOTORES] 1601
[15:09:47] [BATT] 56
[15:09:48] [TEMP] 50
[15:09:49] [MOTORES] 1663
[15:09:50] [BATT] 8
[15:09:51] [TEMP] 56
15:09:51 [WATCHDOG] EMERGENCIA: Sobrecalentamiento detectado
[15:17:34] [BATT] 51
[15:17:35] [TEMP] 55
[15:17:36] [MOTORES] 1915
[15:17:37] [BATT] 16
[15:17:38] [TEMP] 48
[15:17:39] [MOTORES] 2677
[15:17:40] [BATT] 63
[15:17:41] [TEMP] 48
[15:17:42] [MOTORES] 2865
[15:17:43] [BATT] 35
[15:17:44] [TEMP] 25
[15:17:45] [MOTORES] 2985
[15:17:46] [BATT] 7
[15:17:47] [TEMP] 49
[15:17:48] [MOTORES] 1123
[15:17:49] [BATT] 54
[15:17:50] [TEMP] 47
[15:17:51] [MOTORES] 3212
[15:17:52] [BATT] 24
[15:17:53] [TEMP] 54
[15:17:54] [MOTORES] 3027
[15:17:55] [BATT] 22
[15:17:56] [TEMP] 38
[15:17:57] [MOTORES] 1353
[15:17:58] [BATT] 59
[15:17:59] [TEMP] 51
15:17:59 [WATCHDOG] EMERGENCIA: Sobrecalentamiento detectado
15:18:01 [WATCHDOG] EMERGENCIA: Sobrecalentamiento detectado
[15:18:32] [BATT] 47
[15:18:33] [TEMP] 47
[15:18:34] [MOTORES] 1742
[15:18:35] [BATT] 55
[15:18:36] [TEMP] 35
[15:18:37] [MOTORES] 1155
[15:18:38] [BATT] 86
[15:18:39] [TEMP] 43
[15:18:40] [MOTORES] 1351
[15:18:41] [BATT] 28
[15:18:42] [TEMP] 55
[15:18:43] [MOTORES] 3398
[15:18:44] [BATT] 9
15:18:44 [WATCHDOG] AVISO: Nivel de energía crítico
[15:19:36] [BATT] 38
[15:19:37] [TEMP] 29
[15:19:38] [MOTORES] 2649
[15:19:39] [BATT] 12
15:19:40 [WATCHDOG] AVISO: Nivel de energía crítico
[15:19:44] [BATT] 93
[15:19:45] [TEMP] 54
[15:19:46] [MOTORES] 1283
15:19:47 [WATCHDOG] EMERGENCIA: Sobrecalentamiento detectado
[15:19:47] [BATT] 99
[15:19:49] [BATT] 70
[15:19:50] [TEMP] 21
[15:19:51] [MOTORES] 2432
[15:19:52] [BATT] 67
[15:19:53] [TEMP] 44
[15:19:54] [MOTORES] 1718
[15:19:55] [BATT] 68
[15:19:56] [TEMP] 47
[15:19:57] [MOTORES] 1929
[15:19:58] [BATT] 58
[15:19:59] [TEMP] 55
15:19:59 [WATCHDOG] EMERGENCIA: Sobrecalentamiento detectado
[15:20:44] [BATT] 24
[15:20:45] [TEMP] 40
[15:20:46] [MOTORES] 2931
[15:20:47] [BATT] 51
[15:20:48] [TEMP] 44
[15:20:49] [MOTORES] 2462
[15:20:50] [BATT] 51
[15:20:51] [TEMP] 41
[15:20:52] [MOTORES] 1694
[15:20:53] [BATT] 33
[15:20:54] [TEMP] 27
[15:20:55] [MOTORES] 3340
15:20:55 [WATCHDOG] EMERGENCIA: Exceso de velocidad en motores
[15:21:12] [BATT] 62
[15:21:13] [TEMP] 31
[15:21:14] [MOTORES] 3237
[15:21:15] [BATT] 74
[15:21:16] [TEMP] 36
15:21:17 [WATCHDOG] EMERGENCIA: Exceso de velocidad en motores
[15:37:50] [BATT] 34
[15:37:51] [TEMP] 22
15:37:57 [WATCHDOG] EMERGENCIA: Exceso de velocidad en motores
[15:38:00] [BATT] 46
[15:38:01] [TEMP] 38
[15:38:02] [MOTORES] 3145
15:38:02 [WATCHDOG] EMERGENCIA: Exceso de velocidad en motores
15:38:04 [WATCHDOG] EMERGENCIA: Exceso de velocidad en motores
15:38:05 [WATCHDOG] EMERGENCIA: Exceso de velocidad en motores
15:38:06 [WATCHDOG] EMERGENCIA: Exceso de velocidad en motores
15:38:06 [WATCHDOG] EMERGENCIA: Exceso de velocidad en motores
15:38:07 [WATCHDOG] EMERGENCIA: Exceso de velocidad en motores
15:38:08 [WATCHDOG] EMERGENCIA: Exceso de velocidad en motores
15:38:09 [WATCHDOG] EMERGENCIA: Exceso de velocidad en motores
15:38:09 [WATCHDOG] EMERGENCIA: Exceso de velocidad en motores
15:38:10 [WATCHDOG] EMERGENCIA: Exceso de velocidad en motores
[15:38:13] [BATT] 87
[15:38:14] [TEMP] 53
[15:38:15] [MOTORES] 3128
15:38:16 [WATCHDOG] EMERGENCIA: Sobrecalentamiento detectado
15:38:17 [WATCHDOG] EMERGENCIA: Sobrecalentamiento detectado
15:38:18 [WATCHDOG] EMERGENCIA: Sobrecalentamiento detectado
15:38:19 [WATCHDOG] EMERGENCIA: Sobrecalentamiento detectado
15:38:20 [WATCHDOG] EMERGENCIA: Sobrecalentamiento detectado
15:38:21 [WATCHDOG] EMERGENCIA: Sobrecalentamiento detectado
[15:38:23] [BATT] 26
[15:38:24] [TEMP] 46
15:38:25 [WATCHDOG] EMERGENCIA: Exceso de velocidad en motores
[15:38:33] [BATT] 62
[15:38:34] [TEMP] 44
[15:38:35] [MOTORES] 2328
[15:38:36] [BATT] 62
[15:38:37] [TEMP] 20
[15:38:38] [MOTORES] 1528
[15:38:39] [BATT] 90
[15:38:40] [TEMP] 44
[15:38:41] [MOTORES] 1979
[15:38:42] [BATT] 19
[15:38:43] [TEMP] 43
[15:38:44] [MOTORES] 2813
[15:38:45] [BATT] 9
15:38:45 [WATCHDOG] AVISO: Nivel de energía crítico
15:39:13 [WATCHDOG] AVISO: Nivel de energía crítico
15:39:14 [WATCHDOG] AVISO: Nivel de energía crítico
[15:39:16] [BATT] 21
[15:39:17] [TEMP] 27
[15:39:18] [MOTORES] 3411
15:39:18 [WATCHDOG] EMERGENCIA: Exceso de velocidad en motores
15:39:19 [WATCHDOG] EMERGENCIA: Exceso de velocidad en motores
[15:39:23] [BATT] 30
[15:39:24] [TEMP] 51
15:39:25 [WATCHDOG] EMERGENCIA: Sobrecalentamiento detectado
15:39:26 [WATCHDOG] EMERGENCIA: Sobrecalentamiento detectado
15:39:27 [WATCHDOG] EMERGENCIA: Sobrecalentamiento detectado
15:39:28 [WATCHDOG] EMERGENCIA: Sobrecalentamiento detectado
[15:40:32] [BATT] 90
[15:40:33] [TEMP] 44
[15:40:34] [MOTORES] 1473
[15:40:35] [BATT] 46
[15:40:36] [TEMP] 42
[15:40:37] [MOTORES] 3068
[15:40:38] [BATT] 74
[15:40:39] [TEMP] 57
[15:40:40] [MOTORES] 2897
[15:40:41] [BATT] 87
[15:40:42] [TEMP] 58
[15:40:43] [MOTORES] 2270
[15:40:44] [BATT] 6
[15:40:45] [TEMP] 40
[15:40:46] [MOTORES] 3451
[15:40:47] [BATT] 74
[15:40:48] [TEMP] 27
[15:40:49] [MOTORES] 1877
[15:40:50] [BATT] 16
[15:40:51] [TEMP] 52
[15:40:52] [MOTORES] 3282
[15:40:53] [BATT] 88
[15:40:54] [TEMP] 26
[15:40:55] [MOTORES] 3225
[15:40:56] [BATT] 65
[15:40:57] [TEMP] 34
[15:40:58] [MOTORES] 1520
[15:40:59] [BATT] 94
[15:41:00] [TEMP] 53
[15:41:01] [MOTORES] 2954
[15:41:02] [BATT] 37
[15:41:03] [TEMP] 50
[15:41:04] [MOTORES] 2203
[15:41:05] [BATT] 100
[15:41:06] [TEMP] 20
[15:41:07] [MOTORES] 3026
[15:41:08] [BATT] 14
[15:41:09] [TEMP] 30
[15:41:10] [MOTORES] 2216
[15:41:11] [BATT] 46
[15:41:12] [TEMP] 35
[15:41:13] [MOTORES] 3128
[15:41:14] [BATT] 31
[15:41:15] [TEMP] 30
[15:41:16] [MOTORES] 2239
[15:41:17] [BATT] 72
[15:41:18] [TEMP] 45
[15:41:19] [MOTORES] 2993
[15:41:20] [BATT] 77
[15:41:21] [TEMP] 39
[15:41:22] [MOTORES] 3069
[15:41:23] [BATT] 56
[15:41:24] [TEMP] 39
[15:41:25] [MOTORES] 2444
[15:41:26] [BATT] 72
[15:41:27] [TEMP] 23
[15:41:28] [MOTORES] 2762
[15:41:29] [BATT] 66
[15:41:30] [TEMP] 40
[15:41:31] [MOTORES] 2432
[15:41:32] [BATT] 23
[15:41:33] [TEMP] 48
[15:41:34] [MOTORES] 3188
[15:41:35] [BATT] 85
[15:41:36] [TEMP] 47
[15:41:37] [MOTORES] 1325
[15:41:38] [BATT] 89
[15:41:39] [TEMP] 57
[15:41:40] [MOTORES] 3436
[15:41:41] [BATT] 73
[15:41:42] [TEMP] 55
[15:41:43] [MOTORES] 2894
[15:41:44] [BATT] 58
[15:41:45] [TEMP] 56
[15:41:46] [MOTORES] 2072
[15:41:47] [BATT] 47
[15:41:48] [TEMP] 58
[15:41:49] [MOTORES] 1526
[15:41:50] [BATT] 19
[15:41:51] [TEMP] 52
[15:41:52] [MOTORES] 1566
[15:41:53] [BATT] 81
[15:41:54] [TEMP] 34
[15:41:55] [MOTORES] 3328
[15:41:56] [BATT] 70
[15:41:57] [TEMP] 46
[15:41:58] [MOTORES] 2214
[15:41:59] [BATT] 10
[15:42:00] [TEMP] 27
[15:42:01] [MOTORES] 3252
[15:42:02] [BATT] 89
[15:42:03] [TEMP] 41
[15:42:04] [MOTORES] 2904
[15:42:05] [BATT] 39
[15:42:06] [TEMP] 55
[15:42:07] [MOTORES] 3486
[15:42:08] [BATT] 99
[15:42:09] [TEMP] 38
[15:42:10] [MOTORES] 3003
[15:42:11] [BATT] 18
[15:42:12] [TEMP] 47
[15:42:13] [MOTORES] 1450
[15:42:14] [BATT] 75
[15:42:15] [TEMP] 59
[15:42:16] [MOTORES] 1884
[15:42:17] [BATT] 31
[15:42:18] [TEMP] 48
[15:42:19] [MOTORES] 1854
[15:42:20] [BATT] 55
[15:42:21] [TEMP] 38
[15:42:22] [MOTORES] 1332
[15:42:23] [BATT] 31
[15:42:24] [TEMP] 53
[15:42:25] [MOTORES] 2071
[15:42:26] [BATT] 75
[15:42:27] [TEMP] 35
[15:42:28] [MOTORES] 2760
[15:42:29] [BATT] 84
[15:42:30] [TEMP] 21
[15:42:31] [MOTORES] 1442
[15:42:32] [BATT] 53
[15:42:33] [TEMP] 22
[15:42:34] [MOTORES] 2682
[15:42:35] [BATT] 61
[15:42:36] [TEMP] 49
[15:42:37] [MOTORES] 3282
[15:42:38] [BATT] 12
[15:42:39] [TEMP] 22
[15:42:40] [MOTORES] 1787
[15:42:41] [BATT] 48
[15:42:42] [TEMP] 59
[15:42:43] [MOTORES] 2079
[15:42:44] [BATT] 35
[15:42:45] [TEMP] 27
[15:42:46] [MOTORES] 1148
[15:42:47] [BATT] 86
[15:42:48] [TEMP] 26
[15:42:49] [MOTORES] 2340
[15:42:50] [BATT] 70
[15:42:51] [TEMP] 46
[15:42:52] [MOTORES] 1109
[15:42:53] [BATT] 10
[15:42:54] [TEMP] 57
[15:42:55] [MOTORES] 1567
[15:42:56] [BATT] 81
[15:42:57] [TEMP] 29
[15:42:58] [MOTORES] 1640
[15:42:59] [BATT] 14
[15:43:00] [TEMP] 48
[15:43:01] [MOTORES] 1681
[15:43:02] [BATT] 14
[15:43:03] [TEMP] 48
[15:43:04] [MOTORES] 3146
[15:43:05] [BATT] 11
[15:43:06] [TEMP] 47
[15:43:07] [MOTORES] 2786
[15:43:08] [BATT] 74
[15:43:09] [TEMP] 50
[15:43:10] [MOTORES] 3260
[15:43:11] [BATT] 66
[15:43:12] [TEMP] 20
[15:43:13] [MOTORES] 1526
[15:43:14] [BATT] 91
[15:43:15] [TEMP] 34
[15:43:16] [MOTORES] 2481
[15:43:17] [BATT] 43
[15:43:18] [TEMP] 36
[15:43:19] [MOTORES] 2393
[15:43:20] [BATT] 73
[15:43:21] [TEMP] 51
[15:43:22] [MOTORES] 1963
[15:43:23] [BATT] 26
[15:43:24] [TEMP] 32
[15:43:25] [MOTORES] 2585
[15:43:26] [BATT] 69
[15:43:27] [TEMP] 56
[15:43:28] [MOTORES] 2155
[15:43:29] [BATT] 8
[15:43:30] [TEMP] 51
[15:43:31] [MOTORES] 3117
[15:43:32] [BATT] 45
[15:43:33] [TEMP] 38
[15:43:34] [MOTORES] 2739
[15:43:35] [BATT] 62
[15:43:36] [TEMP] 39
[15:43:37] [MOTORES] 2348
[15:43:38] [BATT] 69
[15:43:39] [TEMP] 27
[15:43:40] [MOTORES] 2826
[15:43:41] [BATT] 32
[15:43:42] [TEMP] 52
[15:43:43] [MOTORES] 2111
[15:43:44] [BATT] 82
[15:43:45] [TEMP] 58
[15:43:46] [MOTORES] 3018
[15:43:47] [BATT] 71
[15:43:48] [TEMP] 47
[15:43:49] [MOTORES] 2196
[15:43:50] [BATT] 13
[15:43:51] [TEMP] 33
[15:43:52] [MOTORES] 3070
[15:43:53] [BATT] 92
[15:43:54] [TEMP] 35
[15:43:55] [MOTORES] 3458
[15:43:56] [BATT] 81
[15:43:57] [TEMP] 22
[15:43:58] [MOTORES] 2848
[15:43:59] [BATT] 90
[15:44:00] [TEMP] 48
[15:44:01] [MOTORES] 1892
[15:44:02] [BATT] 76
[15:44:03] [TEMP] 55
[15:44:04] [MOTORES] 1770
[15:44:05] [BATT] 90
[15:44:06] [TEMP] 48
[15:44:07] [MOTORES] 1645
[15:44:08] [BATT] 94
[15:44:09] [TEMP] 23
[15:44:10] [MOTORES] 1869
[15:44:11] [BATT] 68
[15:44:12] [TEMP] 51
[15:44:13] [MOTORES] 2928
[15:44:14] [BATT] 78
[15:44:15] [TEMP] 33
[15:44:16] [MOTORES] 3157
[15:44:17] [BATT] 20
[15:44:18] [TEMP] 53
[15:44:19] [MOTORES] 2954
[15:44:20] [BATT] 26
[15:44:21] [TEMP] 34
[15:44:22] [MOTORES] 1748
[15:44:23] [BATT] 97
[15:44:24] [TEMP] 36
[15:44:25] [MOTORES] 1793
[15:44:26] [BATT] 18
[15:44:27] [TEMP] 40
[15:44:28] [MOTORES] 3247
[15:44:29] [BATT] 18
[15:44:30] [TEMP] 60
[15:44:31] [MOTORES] 2128
[15:44:32] [BATT] 89
[15:44:33] [TEMP] 27
[15:44:34] [MOTORES] 2223
[15:44:35] [BATT] 75
[15:44:36] [TEMP] 59
[15:44:37] [MOTORES] 1126
[15:44:38] [BATT] 44
[15:44:39] [TEMP] 52
[15:44:40] [MOTORES] 1764
[15:44:41] [BATT] 44
[15:44:42] [TEMP] 39
[15:44:43] [MOTORES] 1204
[15:44:44] [BATT] 23
[15:44:45] [TEMP] 25
[15:44:46] [MOTORES] 2956
[15:44:47] [BATT] 58
[15:44:48] [TEMP] 49
[15:44:49] [MOTORES] 1956
[15:44:50] [BATT] 45
[15:44:51] [TEMP] 33
[15:44:52] [MOTORES] 2301
[15:44:53] [BATT] 59
[15:44:54] [TEMP] 32
[15:44:55] [MOTORES] 1910
[15:44:56] [BATT] 47
[15:44:57] [TEMP] 58
[15:44:58] [MOTORES] 2520
[15:44:59] [BATT] 68
[15:45:00] [TEMP] 37
[15:45:01] [MOTORES] 1370
[15:45:02] [BATT] 15
[15:45:03] [TEMP] 27
[15:45:04] [MOTORES] 1331
[15:45:05] [BATT] 74
[15:45:06] [TEMP] 53
[15:45:07] [MOTORES] 1226
[15:45:08] [BATT] 14
[15:45:09] [TEMP] 36
[15:45:10] [MOTORES] 1042
[15:45:11] [BATT] 14
[15:45:12] [TEMP] 24
[15:45:13] [MOTORES] 2656
[15:45:14] [BATT] 83
[15:45:15] [TEMP] 27
[15:45:16] [MOTORES] 1428
[15:45:17] [BATT] 11
[15:45:18] [TEMP] 58
[15:45:19] [MOTORES] 2227
[15:45:20] [BATT] 12
[15:45:21] [TEMP] 41
[15:45:22] [MOTORES] 2949
[15:45:23] [BATT] 81
[15:45:24] [TEMP] 21
[15:45:25] [MOTORES] 1481
[15:45:26] [BATT] 18
[15:45:27] [TEMP] 59
[15:45:28] [MOTORES] 2471
[15:45:29] [BATT] 60
[15:45:30] [TEMP] 47
[15:45:31] [MOTORES] 2285
[15:45:32] [BATT] 97
[15:45:33] [TEMP] 21
[15:45:34] [MOTORES] 2684
[15:45:35] [BATT] 43
[15:45:36] [TEMP] 52
[15:45:37] [MOTORES] 2218
[15:45:38] [BATT] 44
[15:45:39] [TEMP] 32
[15:45:40] [MOTORES] 3426
[15:45:41] [BATT] 14
[15:45:42] [TEMP] 57
[15:45:43] [MOTORES] 1750
[15:45:44] [BATT] 50
[15:45:45] [TEMP] 59
[15:45:46] [MOTORES] 3214
[15:45:47] [BATT] 93
[15:45:48] [TEMP] 23
[15:45:49] [MOTORES] 3473
[15:45:50] [BATT] 74
[15:45:51] [TEMP] 53
[15:45:52] [MOTORES] 2440
[15:45:53] [BATT] 66
[15:45:54] [TEMP] 56
[15:45:55] [MOTORES] 1648
[15:45:56] [BATT] 50
[15:45:57] [TEMP] 28
[15:45:58] [MOTORES] 1105
[15:45:59] [BATT] 55
[15:46:00] [TEMP] 59
[15:46:01] [MOTORES] 2530
[15:46:02] [BATT] 18
[15:46:03] [TEMP] 30
[15:46:04] [MOTORES] 2032
[15:46:05] [BATT] 10
[15:46:06] [TEMP] 57
[15:46:07] [MOTORES] 3107
[15:46:08] [BATT] 36
[15:46:09] [TEMP] 60
[15:46:11] [MOTORES] 1007
[15:46:12] [BATT] 17
[15:46:13] [TEMP] 32
[15:46:14] [MOTORES] 1878
[15:46:15] [BATT] 48
[15:46:16] [TEMP] 56
[15:46:17] [MOTORES] 1357
[15:46:18] [BATT] 31
[15:46:19] [TEMP] 25
[15:46:20] [MOTORES] 1209
[15:46:21] [BATT] 81
[15:46:22] [TEMP] 52
[15:46:23] [MOTORES] 3241
